# JRE version: Java(TM) SE Runtime Environment (8.0_131-b11) (build 1.8.0_131-b11)
# Java VM: Java HotSpot(TM) 64-Bit Server VM (25.131-b11 mixed mode bsd-amd64 compressed oops)
Heap:
 PSYoungGen      total 76288K, used 63742K [0x000000076ab00000, 0x0000000772280000, 0x00000007c0000000)
  eden space 65536K, 88% used [0x000000076ab00000,0x000000076e3c5e18,0x000000076eb00000)
  from space 10752K, 52% used [0x000000076f580000,0x000000076faf9cf8,0x0000000770000000)
  to   space 10752K, 0% used [0x000000076eb00000,0x000000076eb00000,0x000000076f580000)
 ParOldGen       total 82432K, used 13232K [0x00000006c0000000, 0x00000006c5080000, 0x000000076ab00000)
  object space 82432K, 16% used [0x00000006c0000000,0x00000006c0cec3f0,0x00000006c5080000)
 Metaspace       used 27411K, capacity 27782K, committed 28160K, reserved 1073152K
  class space    used 3384K, capacity 3460K, committed 3584K, reserved 1048576K
GC Heap History (10 events):
Event: 6.697 GC heap before
{Heap before GC invocations=1 (full 0):
 PSYoungGen      total 76288K, used 65536K [0x000000076ab00000, 0x0000000770000000, 0x00000007c0000000)
  eden space 65536K, 100% used [0x000000076ab00000,0x000000076eb00000,0x000000076eb00000)
  from space 10752K, 0% used [0x000000076f580000,0x000000076f580000,0x0000000770000000)
  to   space 10752K, 0% used [0x000000076eb00000,0x000000076eb00000,0x000000076f580000)
 ParOldGen       total 175104K, used 0K [0x00000006c0000000, 0x00000006cab00000, 0x000000076ab00000)
  object space 175104K, 0% used [0x00000006c0000000,0x00000006c0000000,0x00000006cab00000)
 Metaspace       used 11895K, capacity 12034K, committed 12288K, reserved 1060864K
  class space    used 1469K, capacity 1491K, committed 1536K, reserved 1048576K
Event: 6.710 GC heap after
Heap after GC invocations=1 (full 0):
 PSYoungGen      total 76288K, used 10742K [0x000000076ab00000, 0x0000000770000000, 0x00000007c0000000)
  eden space 65536K, 0% used [0x000000076ab00000,0x000000076ab00000,0x000000076eb00000)
  from space 10752K, 99% used [0x000000076eb00000,0x000000076f57db10,0x000000076f580000)
  to   space 10752K, 0% used [0x000000076f580000,0x000000076f580000,0x0000000770000000)
 ParOldGen       total 175104K, used 151K [0x00000006c0000000, 0x00000006cab00000, 0x000000076ab00000)
  object space 175104K, 0% used [0x00000006c0000000,0x00000006c0025f48,0x00000006cab00000)
 Metaspace       used 11895K, capacity 12034K, committed 12288K, reserved 1060864K
  class space    used 1469K, capacity 1491K, committed 1536K, reserved 1048576K
}
Event: 12.290 GC heap before
{Heap before GC invocations=2 (full 0):
 PSYoungGen      total 76288K, used 71771K [0x000000076ab00000, 0x0000000770000000, 0x00000007c0000000)
  eden space 65536K, 93% used [0x000000076ab00000,0x000000076e699160,0x000000076eb00000)
  from space 10752K, 99% used [0x000000076eb00000,0x000000076f57db10,0x000000076f580000)
  to   space 10752K, 0% used [0x000000076f580000,0x000000076f580000,0x0000000770000000)
 ParOldGen       total 175104K, used 151K [0x00000006c0000000, 0x00000006cab00000, 0x000000076ab00000)
  object space 175104K, 0% used [0x00000006c0000000,0x00000006c0025f48,0x00000006cab00000)
 Metaspace       used 20912K, capacity 21176K, committed 21296K, reserved 1069056K
  class space    used 2536K, capacity 2631K, committed 2688K, reserved 1048576K
Event: 12.312 GC heap after
Heap after GC invocations=2 (full 0):
 PSYoungGen      total 76288K, used 10730K [0x000000076ab00000, 0x0000000770000000, 0x00000007c0000000)
  eden space 65536K, 0% used [0x000000076ab00000,0x000000076ab00000,0x000000076eb00000)
  from space 10752K, 99% used [0x000000076f580000,0x000000076fffabe0,0x0000000770000000)
  to   space 10752K, 0% used [0x000000076eb00000,0x000000076eb00000,0x000000076f580000)
 ParOldGen       total 175104K, used 3059K [0x00000006c0000000, 0x00000006cab00000, 0x000000076ab00000)
  object space 175104K, 1% used [0x00000006c0000000,0x00000006c02fcc40,0x00000006cab00000)
 Metaspace       used 20912K, capacity 21176K, committed 21296K, reserved 1069056K
  class space    used 2536K, capacity 2631K, committed 2688K, reserved 1048576K
}
Event: 12.312 GC heap before
{Heap before GC invocations=3 (full 1):
 PSYoungGen      total 76288K, used 10730K [0x000000076ab00000, 0x0000000770000000, 0x00000007c0000000)
  eden space 65536K, 0% used [0x000000076ab00000,0x000000076ab00000,0x000000076eb00000)
  from space 10752K, 99% used [0x000000076f580000,0x000000076fffabe0,0x0000000770000000)
  to   space 10752K, 0% used [0x000000076eb00000,0x000000076eb00000,0x000000076f580000)
 ParOldGen       total 175104K, used 3059K [0x00000006c0000000, 0x00000006cab00000, 0x000000076ab00000)
  object space 175104K, 1% used [0x00000006c0000000,0x00000006c02fcc40,0x00000006cab00000)
 Metaspace       used 20912K, capacity 21176K, committed 21296K, reserved 1069056K
  class space    used 2536K, capacity 2631K, committed 2688K, reserved 1048576K
Event: 12.374 GC heap after
Heap after GC invocations=3 (full 1):
 PSYoungGen      total 76288K, used 0K [0x000000076ab00000, 0x0000000770000000, 0x00000007c0000000)
  eden space 65536K, 0% used [0x000000076ab00000,0x000000076ab00000,0x000000076eb00000)
  from space 10752K, 0% used [0x000000076f580000,0x000000076f580000,0x0000000770000000)
  to   space 10752K, 0% used [0x000000076eb00000,0x000000076eb00000,0x000000076f580000)
 ParOldGen       total 82432K, used 13216K [0x00000006c0000000, 0x00000006c5080000, 0x000000076ab00000)
  object space 82432K, 16% used [0x00000006c0000000,0x00000006c0ce83f0,0x00000006c5080000)
 Metaspace       used 20912K, capacity 21176K, committed 21296K, reserved 1069056K
  class space    used 2536K, capacity 2631K, committed 2688K, reserved 1048576K
}
Event: 13.164 GC heap before
{Heap before GC invocations=4 (full 1):
 PSYoungGen      total 76288K, used 65509K [0x000000076ab00000, 0x0000000770000000, 0x00000007c0000000)
  eden space 65536K, 99% used [0x000000076ab00000,0x000000076eaf9708,0x000000076eb00000)
  from space 10752K, 0% used [0x000000076f580000,0x000000076f580000,0x0000000770000000)
  to   space 10752K, 0% used [0x000000076eb00000,0x000000076eb00000,0x000000076f580000)
 ParOldGen       total 82432K, used 13216K [0x00000006c0000000, 0x00000006c5080000, 0x000000076ab00000)
  object space 82432K, 16% used [0x00000006c0000000,0x00000006c0ce83f0,0x00000006c5080000)
 Metaspace       used 22079K, capacity 22382K, committed 22448K, reserved 1069056K
  class space    used 2673K, capacity 2768K, committed 2816K, reserved 1048576K
Event: 13.171 GC heap after
Heap after GC invocations=4 (full 1):
 PSYoungGen      total 76288K, used 3330K [0x000000076ab00000, 0x0000000770000000, 0x00000007c0000000)
  eden space 65536K, 0% used [0x000000076ab00000,0x000000076ab00000,0x000000076eb00000)
  from space 10752K, 30% used [0x000000076eb00000,0x000000076ee40b40,0x000000076f580000)
  to   space 10752K, 0% used [0x000000076f580000,0x000000076f580000,0x0000000770000000)
 ParOldGen       total 82432K, used 13224K [0x00000006c0000000, 0x00000006c5080000, 0x000000076ab00000)
  object space 82432K, 16% used [0x00000006c0000000,0x00000006c0cea3f0,0x00000006c5080000)
 Metaspace       used 22079K, capacity 22382K, committed 22448K, reserved 1069056K
  class space    used 2673K, capacity 2768K, committed 2816K, reserved 1048576K
}
Event: 14.149 GC heap before
{Heap before GC invocations=5 (full 1):
 PSYoungGen      total 76288K, used 68866K [0x000000076ab00000, 0x0000000770000000, 0x00000007c0000000)
  eden space 65536K, 100% used [0x000000076ab00000,0x000000076eb00000,0x000000076eb00000)
  from space 10752K, 30% used [0x000000076eb00000,0x000000076ee40b40,0x000000076f580000)
  to   space 10752K, 0% used [0x000000076f580000,0x000000076f580000,0x0000000770000000)
 ParOldGen       total 82432K, used 13224K [0x00000006c0000000, 0x00000006c5080000, 0x000000076ab00000)
  object space 82432K, 16% used [0x00000006c0000000,0x00000006c0cea3f0,0x00000006c5080000)
 Metaspace       used 24837K, capacity 25156K, committed 25472K, reserved 1071104K
  class space    used 3033K, capacity 3129K, committed 3200K, reserved 1048576K
Event: 14.159 GC heap after
Heap after GC invocations=5 (full 1):
 PSYoungGen      total 76288K, used 5607K [0x000000076ab00000, 0x0000000772280000, 0x00000007c0000000)
  eden space 65536K, 0% used [0x000000076ab00000,0x000000076ab00000,0x000000076eb00000)
  from space 10752K, 52% used [0x000000076f580000,0x000000076faf9cf8,0x0000000770000000)
  to   space 10752K, 0% used [0x000000076eb00000,0x000000076eb00000,0x000000076f580000)
 ParOldGen       total 82432K, used 13232K [0x00000006c0000000, 0x00000006c5080000, 0x000000076ab00000)
  object space 82432K, 16% used [0x00000006c0000000,0x00000006c0cec3f0,0x00000006c5080000)
 Metaspace       used 24837K, capacity 25156K, committed 25472K, reserved 1071104K
  class space    used 3033K, capacity 3129K, committed 3200K, reserved 1048576K
}

